2023-02-21 16:45:23,300 INFO [main] c.n.c.MailTest [StartupInfoLogger.java:50] Starting MailTest on 黄涛 with PID 27340 (started by 73865 in D:\community)
2023-02-21 16:45:23,307 INFO [main] c.n.c.MailTest [SpringApplication.java:675] No active profile set, falling back to default profiles: default
2023-02-21 16:45:25,295 INFO [main] o.s.s.c.ThreadPoolTaskExecutor [ExecutorConfigurationSupport.java:171] Initializing ExecutorService 'applicationTaskExecutor'
2023-02-21 16:45:25,601 INFO [main] o.s.b.a.w.s.WelcomePageHandlerMapping [WelcomePageHandlerMapping.java:61] Adding welcome page template: index
2023-02-21 16:45:25,899 INFO [main] c.n.c.MailTest [StartupInfoLogger.java:59] Started MailTest in 3.08 seconds (JVM running for 4.312)
2023-02-21 16:45:27,915 INFO [Thread-3] o.s.s.c.ThreadPoolTaskExecutor [ExecutorConfigurationSupport.java:208] Shutting down ExecutorService 'applicationTaskExecutor'
2023-02-21 16:46:27,833 INFO [main] c.n.c.MailTest [StartupInfoLogger.java:50] Starting MailTest on 黄涛 with PID 25076 (started by 73865 in D:\community)
2023-02-21 16:46:27,836 INFO [main] c.n.c.MailTest [SpringApplication.java:675] No active profile set, falling back to default profiles: default
2023-02-21 16:46:29,903 INFO [main] o.s.s.c.ThreadPoolTaskExecutor [ExecutorConfigurationSupport.java:171] Initializing ExecutorService 'applicationTaskExecutor'
2023-02-21 16:46:30,156 INFO [main] o.s.b.a.w.s.WelcomePageHandlerMapping [WelcomePageHandlerMapping.java:61] Adding welcome page template: index
2023-02-21 16:46:30,454 INFO [main] c.n.c.MailTest [StartupInfoLogger.java:59] Started MailTest in 3.205 seconds (JVM running for 4.154)
2023-02-21 16:46:31,955 INFO [Thread-3] o.s.s.c.ThreadPoolTaskExecutor [ExecutorConfigurationSupport.java:208] Shutting down ExecutorService 'applicationTaskExecutor'
2023-02-21 16:46:59,219 INFO [main] c.n.c.MailTest [StartupInfoLogger.java:50] Starting MailTest on 黄涛 with PID 16672 (started by 73865 in D:\community)
2023-02-21 16:46:59,221 INFO [main] c.n.c.MailTest [SpringApplication.java:675] No active profile set, falling back to default profiles: default
2023-02-21 16:47:00,898 INFO [main] o.s.s.c.ThreadPoolTaskExecutor [ExecutorConfigurationSupport.java:171] Initializing ExecutorService 'applicationTaskExecutor'
2023-02-21 16:47:01,177 INFO [main] o.s.b.a.w.s.WelcomePageHandlerMapping [WelcomePageHandlerMapping.java:61] Adding welcome page template: index
2023-02-21 16:47:01,468 INFO [main] c.n.c.MailTest [StartupInfoLogger.java:59] Started MailTest in 2.662 seconds (JVM running for 3.521)
2023-02-21 16:47:03,320 INFO [Thread-3] o.s.s.c.ThreadPoolTaskExecutor [ExecutorConfigurationSupport.java:208] Shutting down ExecutorService 'applicationTaskExecutor'
2023-02-21 16:49:23,236 INFO [main] c.n.c.MailTest [StartupInfoLogger.java:50] Starting MailTest on 黄涛 with PID 19484 (started by 73865 in D:\community)
2023-02-21 16:49:23,238 INFO [main] c.n.c.MailTest [SpringApplication.java:675] No active profile set, falling back to default profiles: default
2023-02-21 16:49:24,826 INFO [main] o.s.s.c.ThreadPoolTaskExecutor [ExecutorConfigurationSupport.java:171] Initializing ExecutorService 'applicationTaskExecutor'
2023-02-21 16:49:25,085 INFO [main] o.s.b.a.w.s.WelcomePageHandlerMapping [WelcomePageHandlerMapping.java:61] Adding welcome page template: index
2023-02-21 16:49:25,396 INFO [main] c.n.c.MailTest [StartupInfoLogger.java:59] Started MailTest in 2.54 seconds (JVM running for 3.376)
2023-02-21 16:49:27,431 INFO [Thread-3] o.s.s.c.ThreadPoolTaskExecutor [ExecutorConfigurationSupport.java:208] Shutting down ExecutorService 'applicationTaskExecutor'
2023-02-21 16:50:05,989 INFO [main] c.n.c.MailTest [StartupInfoLogger.java:50] Starting MailTest on 黄涛 with PID 25860 (started by 73865 in D:\community)
2023-02-21 16:50:05,991 INFO [main] c.n.c.MailTest [SpringApplication.java:675] No active profile set, falling back to default profiles: default
2023-02-21 16:50:07,647 INFO [main] o.s.s.c.ThreadPoolTaskExecutor [ExecutorConfigurationSupport.java:171] Initializing ExecutorService 'applicationTaskExecutor'
2023-02-21 16:50:07,918 INFO [main] o.s.b.a.w.s.WelcomePageHandlerMapping [WelcomePageHandlerMapping.java:61] Adding welcome page template: index
2023-02-21 16:50:08,332 INFO [main] c.n.c.MailTest [StartupInfoLogger.java:59] Started MailTest in 2.709 seconds (JVM running for 3.558)
2023-02-21 16:50:10,517 INFO [Thread-3] o.s.s.c.ThreadPoolTaskExecutor [ExecutorConfigurationSupport.java:208] Shutting down ExecutorService 'applicationTaskExecutor'
2023-02-21 16:51:06,862 INFO [main] c.n.c.MailTest [StartupInfoLogger.java:50] Starting MailTest on 黄涛 with PID 25804 (started by 73865 in D:\community)
2023-02-21 16:51:06,864 INFO [main] c.n.c.MailTest [SpringApplication.java:675] No active profile set, falling back to default profiles: default
2023-02-21 16:51:08,468 INFO [main] o.s.s.c.ThreadPoolTaskExecutor [ExecutorConfigurationSupport.java:171] Initializing ExecutorService 'applicationTaskExecutor'
2023-02-21 16:51:08,721 INFO [main] o.s.b.a.w.s.WelcomePageHandlerMapping [WelcomePageHandlerMapping.java:61] Adding welcome page template: index
2023-02-21 16:51:09,009 INFO [main] c.n.c.MailTest [StartupInfoLogger.java:59] Started MailTest in 2.518 seconds (JVM running for 3.321)
2023-02-21 16:51:11,079 INFO [Thread-3] o.s.s.c.ThreadPoolTaskExecutor [ExecutorConfigurationSupport.java:208] Shutting down ExecutorService 'applicationTaskExecutor'
2023-02-21 17:03:08,009 INFO [main] c.n.c.MailTest [StartupInfoLogger.java:50] Starting MailTest on 黄涛 with PID 26880 (started by 73865 in D:\community)
2023-02-21 17:03:08,011 INFO [main] c.n.c.MailTest [SpringApplication.java:675] No active profile set, falling back to default profiles: default
2023-02-21 17:03:09,659 INFO [main] o.s.s.c.ThreadPoolTaskExecutor [ExecutorConfigurationSupport.java:171] Initializing ExecutorService 'applicationTaskExecutor'
2023-02-21 17:03:09,901 INFO [main] o.s.b.a.w.s.WelcomePageHandlerMapping [WelcomePageHandlerMapping.java:61] Adding welcome page template: index
2023-02-21 17:03:10,166 INFO [main] c.n.c.MailTest [StartupInfoLogger.java:59] Started MailTest in 2.529 seconds (JVM running for 3.404)
2023-02-21 17:03:12,600 INFO [Thread-3] o.s.s.c.ThreadPoolTaskExecutor [ExecutorConfigurationSupport.java:208] Shutting down ExecutorService 'applicationTaskExecutor'
2023-02-21 17:03:53,862 INFO [main] c.n.c.MailTest [StartupInfoLogger.java:50] Starting MailTest on 黄涛 with PID 27312 (started by 73865 in D:\community)
2023-02-21 17:03:53,864 INFO [main] c.n.c.MailTest [SpringApplication.java:675] No active profile set, falling back to default profiles: default
2023-02-21 17:03:55,615 INFO [main] o.s.s.c.ThreadPoolTaskExecutor [ExecutorConfigurationSupport.java:171] Initializing ExecutorService 'applicationTaskExecutor'
2023-02-21 17:03:55,879 INFO [main] o.s.b.a.w.s.WelcomePageHandlerMapping [WelcomePageHandlerMapping.java:61] Adding welcome page template: index
2023-02-21 17:03:56,130 INFO [main] c.n.c.MailTest [StartupInfoLogger.java:59] Started MailTest in 2.869 seconds (JVM running for 4.004)
2023-02-21 17:03:58,653 INFO [Thread-3] o.s.s.c.ThreadPoolTaskExecutor [ExecutorConfigurationSupport.java:208] Shutting down ExecutorService 'applicationTaskExecutor'
2023-02-21 17:04:32,114 INFO [main] c.n.c.MailTest [StartupInfoLogger.java:50] Starting MailTest on 黄涛 with PID 28036 (started by 73865 in D:\community)
2023-02-21 17:04:32,116 INFO [main] c.n.c.MailTest [SpringApplication.java:675] No active profile set, falling back to default profiles: default
2023-02-21 17:04:33,780 INFO [main] o.s.s.c.ThreadPoolTaskExecutor [ExecutorConfigurationSupport.java:171] Initializing ExecutorService 'applicationTaskExecutor'
2023-02-21 17:04:34,023 INFO [main] o.s.b.a.w.s.WelcomePageHandlerMapping [WelcomePageHandlerMapping.java:61] Adding welcome page template: index
2023-02-21 17:04:34,310 INFO [main] c.n.c.MailTest [StartupInfoLogger.java:59] Started MailTest in 2.568 seconds (JVM running for 3.387)
2023-02-21 17:04:36,690 INFO [Thread-3] o.s.s.c.ThreadPoolTaskExecutor [ExecutorConfigurationSupport.java:208] Shutting down ExecutorService 'applicationTaskExecutor'
2023-02-21 17:21:21,135 INFO [restartedMain] c.n.c.CommunityApplication [StartupInfoLogger.java:50] Starting CommunityApplication on 黄涛 with PID 28600 (D:\community\target\classes started by 73865 in D:\community)
2023-02-21 17:21:21,139 INFO [restartedMain] c.n.c.CommunityApplication [SpringApplication.java:675] No active profile set, falling back to default profiles: default
2023-02-21 17:21:21,218 INFO [restartedMain] o.s.b.d.e.DevToolsPropertyDefaultsPostProcessor [DeferredLog.java:227] Devtools property defaults active! Set 'spring.devtools.add-properties' to 'false' to disable
2023-02-21 17:21:21,218 INFO [restartedMain] o.s.b.d.e.DevToolsPropertyDefaultsPostProcessor [DeferredLog.java:227] For additional web related logging consider setting the 'logging.level.web' property to 'DEBUG'
2023-02-21 17:21:23,041 INFO [restartedMain] o.s.b.w.e.t.TomcatWebServer [TomcatWebServer.java:90] Tomcat initialized with port(s): 8888 (http)
2023-02-21 17:21:23,061 INFO [restartedMain] o.a.c.h.Http11NioProtocol [DirectJDKLog.java:173] Initializing ProtocolHandler ["http-nio-8888"]
2023-02-21 17:21:23,074 INFO [restartedMain] o.a.c.c.StandardService [DirectJDKLog.java:173] Starting service [Tomcat]
2023-02-21 17:21:23,074 INFO [restartedMain] o.a.c.c.StandardEngine [DirectJDKLog.java:173] Starting Servlet engine: [Apache Tomcat/9.0.19]
2023-02-21 17:21:23,279 INFO [restartedMain] o.a.c.c.C.[.[.[/community] [DirectJDKLog.java:173] Initializing Spring embedded WebApplicationContext
2023-02-21 17:21:23,281 INFO [restartedMain] o.s.w.c.ContextLoader [ServletWebServerApplicationContext.java:296] Root WebApplicationContext: initialization completed in 2062 ms
2023-02-21 17:21:23,803 INFO [restartedMain] o.s.s.c.ThreadPoolTaskExecutor [ExecutorConfigurationSupport.java:171] Initializing ExecutorService 'applicationTaskExecutor'
2023-02-21 17:21:23,989 INFO [restartedMain] o.s.b.a.w.s.WelcomePageHandlerMapping [WelcomePageHandlerMapping.java:61] Adding welcome page template: index
2023-02-21 17:21:24,143 INFO [restartedMain] o.s.b.d.a.OptionalLiveReloadServer [OptionalLiveReloadServer.java:57] LiveReload server is running on port 35729
2023-02-21 17:21:24,173 INFO [restartedMain] o.a.c.h.Http11NioProtocol [DirectJDKLog.java:173] Starting ProtocolHandler ["http-nio-8888"]
2023-02-21 17:21:24,203 INFO [restartedMain] o.s.b.w.e.t.TomcatWebServer [TomcatWebServer.java:204] Tomcat started on port(s): 8888 (http) with context path '/community'
2023-02-21 17:21:24,206 INFO [restartedMain] c.n.c.CommunityApplication [StartupInfoLogger.java:59] Started CommunityApplication in 3.657 seconds (JVM running for 4.145)
2023-02-21 17:21:43,898 INFO [http-nio-8888-exec-1] o.a.c.c.C.[.[.[/community] [DirectJDKLog.java:173] Initializing Spring DispatcherServlet 'dispatcherServlet'
2023-02-21 17:21:43,898 INFO [http-nio-8888-exec-1] o.s.w.s.DispatcherServlet [FrameworkServlet.java:524] Initializing Servlet 'dispatcherServlet'
2023-02-21 17:21:43,904 INFO [http-nio-8888-exec-1] o.s.w.s.DispatcherServlet [FrameworkServlet.java:546] Completed initialization in 6 ms
2023-02-21 17:21:43,967 INFO [http-nio-8888-exec-1] c.z.h.HikariDataSource [HikariDataSource.java:110] HikariPool-1 - Starting...
2023-02-21 17:21:44,619 INFO [http-nio-8888-exec-1] c.z.h.HikariDataSource [HikariDataSource.java:123] HikariPool-1 - Start completed.
2023-02-21 17:22:58,688 INFO [Thread-9] o.s.s.c.ThreadPoolTaskExecutor [ExecutorConfigurationSupport.java:208] Shutting down ExecutorService 'applicationTaskExecutor'
2023-02-21 17:22:58,689 INFO [Thread-9] c.z.h.HikariDataSource [HikariDataSource.java:350] HikariPool-1 - Shutdown initiated...
2023-02-21 17:22:58,693 INFO [Thread-9] c.z.h.HikariDataSource [HikariDataSource.java:352] HikariPool-1 - Shutdown completed.
2023-02-21 17:23:02,320 INFO [restartedMain] c.n.c.CommunityApplication [StartupInfoLogger.java:50] Starting CommunityApplication on 黄涛 with PID 29276 (D:\community\target\classes started by 73865 in D:\community)
2023-02-21 17:23:02,324 INFO [restartedMain] c.n.c.CommunityApplication [SpringApplication.java:675] No active profile set, falling back to default profiles: default
2023-02-21 17:23:02,392 INFO [restartedMain] o.s.b.d.e.DevToolsPropertyDefaultsPostProcessor [DeferredLog.java:227] Devtools property defaults active! Set 'spring.devtools.add-properties' to 'false' to disable
2023-02-21 17:23:02,393 INFO [restartedMain] o.s.b.d.e.DevToolsPropertyDefaultsPostProcessor [DeferredLog.java:227] For additional web related logging consider setting the 'logging.level.web' property to 'DEBUG'
2023-02-21 17:23:04,084 INFO [restartedMain] o.s.b.w.e.t.TomcatWebServer [TomcatWebServer.java:90] Tomcat initialized with port(s): 8888 (http)
2023-02-21 17:23:04,135 INFO [restartedMain] o.a.c.h.Http11NioProtocol [DirectJDKLog.java:173] Initializing ProtocolHandler ["http-nio-8888"]
2023-02-21 17:23:04,144 INFO [restartedMain] o.a.c.c.StandardService [DirectJDKLog.java:173] Starting service [Tomcat]
2023-02-21 17:23:04,145 INFO [restartedMain] o.a.c.c.StandardEngine [DirectJDKLog.java:173] Starting Servlet engine: [Apache Tomcat/9.0.19]
2023-02-21 17:23:04,266 INFO [restartedMain] o.a.c.c.C.[.[.[/community] [DirectJDKLog.java:173] Initializing Spring embedded WebApplicationContext
2023-02-21 17:23:04,266 INFO [restartedMain] o.s.w.c.ContextLoader [ServletWebServerApplicationContext.java:296] Root WebApplicationContext: initialization completed in 1873 ms
2023-02-21 17:23:04,799 INFO [restartedMain] o.s.s.c.ThreadPoolTaskExecutor [ExecutorConfigurationSupport.java:171] Initializing ExecutorService 'applicationTaskExecutor'
2023-02-21 17:23:04,965 INFO [restartedMain] o.s.b.a.w.s.WelcomePageHandlerMapping [WelcomePageHandlerMapping.java:61] Adding welcome page template: index
2023-02-21 17:23:05,117 INFO [restartedMain] o.s.b.d.a.OptionalLiveReloadServer [OptionalLiveReloadServer.java:57] LiveReload server is running on port 35729
2023-02-21 17:23:05,152 INFO [restartedMain] o.a.c.h.Http11NioProtocol [DirectJDKLog.java:173] Starting ProtocolHandler ["http-nio-8888"]
2023-02-21 17:23:05,178 INFO [restartedMain] o.s.b.w.e.t.TomcatWebServer [TomcatWebServer.java:204] Tomcat started on port(s): 8888 (http) with context path '/community'
2023-02-21 17:23:05,182 INFO [restartedMain] c.n.c.CommunityApplication [StartupInfoLogger.java:59] Started CommunityApplication in 3.371 seconds (JVM running for 4.265)
2023-02-21 17:23:11,313 INFO [http-nio-8888-exec-1] o.a.c.c.C.[.[.[/community] [DirectJDKLog.java:173] Initializing Spring DispatcherServlet 'dispatcherServlet'
2023-02-21 17:23:11,315 INFO [http-nio-8888-exec-1] o.s.w.s.DispatcherServlet [FrameworkServlet.java:524] Initializing Servlet 'dispatcherServlet'
2023-02-21 17:23:11,320 INFO [http-nio-8888-exec-1] o.s.w.s.DispatcherServlet [FrameworkServlet.java:546] Completed initialization in 5 ms
2023-02-21 17:23:13,122 INFO [http-nio-8888-exec-6] c.z.h.HikariDataSource [HikariDataSource.java:110] HikariPool-1 - Starting...
2023-02-21 17:23:13,268 INFO [http-nio-8888-exec-6] c.z.h.HikariDataSource [HikariDataSource.java:123] HikariPool-1 - Start completed.
2023-02-21 18:25:03,994 INFO [Thread-9] o.s.s.c.ThreadPoolTaskExecutor [ExecutorConfigurationSupport.java:208] Shutting down ExecutorService 'applicationTaskExecutor'
2023-02-21 18:25:04,000 INFO [Thread-9] c.z.h.HikariDataSource [HikariDataSource.java:350] HikariPool-1 - Shutdown initiated...
2023-02-21 18:25:04,004 INFO [Thread-9] c.z.h.HikariDataSource [HikariDataSource.java:352] HikariPool-1 - Shutdown completed.
2023-02-21 18:25:11,854 INFO [restartedMain] c.n.c.CommunityApplication [StartupInfoLogger.java:50] Starting CommunityApplication on 黄涛 with PID 26888 (D:\community\target\classes started by 73865 in D:\community)
2023-02-21 18:25:11,857 INFO [restartedMain] c.n.c.CommunityApplication [SpringApplication.java:675] No active profile set, falling back to default profiles: default
2023-02-21 18:25:11,938 INFO [restartedMain] o.s.b.d.e.DevToolsPropertyDefaultsPostProcessor [DeferredLog.java:227] Devtools property defaults active! Set 'spring.devtools.add-properties' to 'false' to disable
2023-02-21 18:25:11,938 INFO [restartedMain] o.s.b.d.e.DevToolsPropertyDefaultsPostProcessor [DeferredLog.java:227] For additional web related logging consider setting the 'logging.level.web' property to 'DEBUG'
2023-02-21 18:25:13,751 INFO [restartedMain] o.s.b.w.e.t.TomcatWebServer [TomcatWebServer.java:90] Tomcat initialized with port(s): 8888 (http)
2023-02-21 18:25:13,818 INFO [restartedMain] o.a.c.h.Http11NioProtocol [DirectJDKLog.java:173] Initializing ProtocolHandler ["http-nio-8888"]
2023-02-21 18:25:13,830 INFO [restartedMain] o.a.c.c.StandardService [DirectJDKLog.java:173] Starting service [Tomcat]
2023-02-21 18:25:13,830 INFO [restartedMain] o.a.c.c.StandardEngine [DirectJDKLog.java:173] Starting Servlet engine: [Apache Tomcat/9.0.19]
2023-02-21 18:25:13,974 INFO [restartedMain] o.a.c.c.C.[.[.[/community] [DirectJDKLog.java:173] Initializing Spring embedded WebApplicationContext
2023-02-21 18:25:13,975 INFO [restartedMain] o.s.w.c.ContextLoader [ServletWebServerApplicationContext.java:296] Root WebApplicationContext: initialization completed in 2036 ms
2023-02-21 18:25:14,570 INFO [restartedMain] o.s.s.c.ThreadPoolTaskExecutor [ExecutorConfigurationSupport.java:171] Initializing ExecutorService 'applicationTaskExecutor'
2023-02-21 18:25:14,693 INFO [restartedMain] o.s.b.a.w.s.WelcomePageHandlerMapping [WelcomePageHandlerMapping.java:61] Adding welcome page template: index
2023-02-21 18:25:14,847 INFO [restartedMain] o.s.b.d.a.OptionalLiveReloadServer [OptionalLiveReloadServer.java:57] LiveReload server is running on port 35729
2023-02-21 18:25:14,881 INFO [restartedMain] o.a.c.h.Http11NioProtocol [DirectJDKLog.java:173] Starting ProtocolHandler ["http-nio-8888"]
2023-02-21 18:25:14,909 INFO [restartedMain] o.s.b.w.e.t.TomcatWebServer [TomcatWebServer.java:204] Tomcat started on port(s): 8888 (http) with context path '/community'
2023-02-21 18:25:14,913 INFO [restartedMain] c.n.c.CommunityApplication [StartupInfoLogger.java:59] Started CommunityApplication in 3.611 seconds (JVM running for 4.172)
2023-02-21 18:26:31,161 INFO [http-nio-8888-exec-1] o.a.c.c.C.[.[.[/community] [DirectJDKLog.java:173] Initializing Spring DispatcherServlet 'dispatcherServlet'
2023-02-21 18:26:31,162 INFO [http-nio-8888-exec-1] o.s.w.s.DispatcherServlet [FrameworkServlet.java:524] Initializing Servlet 'dispatcherServlet'
2023-02-21 18:26:31,167 INFO [http-nio-8888-exec-1] o.s.w.s.DispatcherServlet [FrameworkServlet.java:546] Completed initialization in 5 ms
2023-02-21 18:26:31,233 INFO [http-nio-8888-exec-1] c.z.h.HikariDataSource [HikariDataSource.java:110] HikariPool-1 - Starting...
2023-02-21 18:26:31,381 INFO [http-nio-8888-exec-1] c.z.h.HikariDataSource [HikariDataSource.java:123] HikariPool-1 - Start completed.
2023-02-21 18:30:53,915 INFO [Thread-9] o.s.s.c.ThreadPoolTaskExecutor [ExecutorConfigurationSupport.java:208] Shutting down ExecutorService 'applicationTaskExecutor'
2023-02-21 18:30:53,916 INFO [Thread-9] c.z.h.HikariDataSource [HikariDataSource.java:350] HikariPool-1 - Shutdown initiated...
2023-02-21 18:30:53,924 INFO [Thread-9] c.z.h.HikariDataSource [HikariDataSource.java:352] HikariPool-1 - Shutdown completed.
2023-02-21 18:30:57,412 INFO [restartedMain] c.n.c.CommunityApplication [StartupInfoLogger.java:50] Starting CommunityApplication on 黄涛 with PID 5504 (D:\community\target\classes started by 73865 in D:\community)
2023-02-21 18:30:57,417 INFO [restartedMain] c.n.c.CommunityApplication [SpringApplication.java:675] No active profile set, falling back to default profiles: default
2023-02-21 18:30:57,528 INFO [restartedMain] o.s.b.d.e.DevToolsPropertyDefaultsPostProcessor [DeferredLog.java:227] Devtools property defaults active! Set 'spring.devtools.add-properties' to 'false' to disable
2023-02-21 18:30:57,529 INFO [restartedMain] o.s.b.d.e.DevToolsPropertyDefaultsPostProcessor [DeferredLog.java:227] For additional web related logging consider setting the 'logging.level.web' property to 'DEBUG'
2023-02-21 18:30:59,486 INFO [restartedMain] o.s.b.w.e.t.TomcatWebServer [TomcatWebServer.java:90] Tomcat initialized with port(s): 8888 (http)
2023-02-21 18:30:59,571 INFO [restartedMain] o.a.c.h.Http11NioProtocol [DirectJDKLog.java:173] Initializing ProtocolHandler ["http-nio-8888"]
2023-02-21 18:30:59,582 INFO [restartedMain] o.a.c.c.StandardService [DirectJDKLog.java:173] Starting service [Tomcat]
2023-02-21 18:30:59,583 INFO [restartedMain] o.a.c.c.StandardEngine [DirectJDKLog.java:173] Starting Servlet engine: [Apache Tomcat/9.0.19]
2023-02-21 18:30:59,719 INFO [restartedMain] o.a.c.c.C.[.[.[/community] [DirectJDKLog.java:173] Initializing Spring embedded WebApplicationContext
2023-02-21 18:30:59,720 INFO [restartedMain] o.s.w.c.ContextLoader [ServletWebServerApplicationContext.java:296] Root WebApplicationContext: initialization completed in 2190 ms
2023-02-21 18:31:00,299 INFO [restartedMain] o.s.s.c.ThreadPoolTaskExecutor [ExecutorConfigurationSupport.java:171] Initializing ExecutorService 'applicationTaskExecutor'
2023-02-21 18:31:00,455 INFO [restartedMain] o.s.b.a.w.s.WelcomePageHandlerMapping [WelcomePageHandlerMapping.java:61] Adding welcome page template: index
2023-02-21 18:31:00,644 INFO [restartedMain] o.s.b.d.a.OptionalLiveReloadServer [OptionalLiveReloadServer.java:57] LiveReload server is running on port 35729
2023-02-21 18:31:00,677 INFO [restartedMain] o.a.c.h.Http11NioProtocol [DirectJDKLog.java:173] Starting ProtocolHandler ["http-nio-8888"]
2023-02-21 18:31:00,705 INFO [restartedMain] o.s.b.w.e.t.TomcatWebServer [TomcatWebServer.java:204] Tomcat started on port(s): 8888 (http) with context path '/community'
2023-02-21 18:31:00,708 INFO [restartedMain] c.n.c.CommunityApplication [StartupInfoLogger.java:59] Started CommunityApplication in 4.037 seconds (JVM running for 4.645)
2023-02-21 18:31:11,141 INFO [http-nio-8888-exec-1] o.a.c.c.C.[.[.[/community] [DirectJDKLog.java:173] Initializing Spring DispatcherServlet 'dispatcherServlet'
2023-02-21 18:31:11,141 INFO [http-nio-8888-exec-1] o.s.w.s.DispatcherServlet [FrameworkServlet.java:524] Initializing Servlet 'dispatcherServlet'
2023-02-21 18:31:11,148 INFO [http-nio-8888-exec-1] o.s.w.s.DispatcherServlet [FrameworkServlet.java:546] Completed initialization in 6 ms
2023-02-21 18:31:11,217 INFO [http-nio-8888-exec-1] c.z.h.HikariDataSource [HikariDataSource.java:110] HikariPool-1 - Starting...
2023-02-21 18:31:11,355 INFO [http-nio-8888-exec-1] c.z.h.HikariDataSource [HikariDataSource.java:123] HikariPool-1 - Start completed.
2023-02-21 18:32:57,729 INFO [Thread-9] o.s.s.c.ThreadPoolTaskExecutor [ExecutorConfigurationSupport.java:208] Shutting down ExecutorService 'applicationTaskExecutor'
2023-02-21 18:32:57,729 INFO [Thread-9] c.z.h.HikariDataSource [HikariDataSource.java:350] HikariPool-1 - Shutdown initiated...
2023-02-21 18:32:57,736 INFO [Thread-9] c.z.h.HikariDataSource [HikariDataSource.java:352] HikariPool-1 - Shutdown completed.
2023-02-21 18:33:00,744 INFO [restartedMain] c.n.c.CommunityApplication [StartupInfoLogger.java:50] Starting CommunityApplication on 黄涛 with PID 28180 (D:\community\target\classes started by 73865 in D:\community)
2023-02-21 18:33:00,747 INFO [restartedMain] c.n.c.CommunityApplication [SpringApplication.java:675] No active profile set, falling back to default profiles: default
2023-02-21 18:33:00,820 INFO [restartedMain] o.s.b.d.e.DevToolsPropertyDefaultsPostProcessor [DeferredLog.java:227] Devtools property defaults active! Set 'spring.devtools.add-properties' to 'false' to disable
2023-02-21 18:33:00,820 INFO [restartedMain] o.s.b.d.e.DevToolsPropertyDefaultsPostProcessor [DeferredLog.java:227] For additional web related logging consider setting the 'logging.level.web' property to 'DEBUG'
2023-02-21 18:33:02,472 INFO [restartedMain] o.s.b.w.e.t.TomcatWebServer [TomcatWebServer.java:90] Tomcat initialized with port(s): 8888 (http)
2023-02-21 18:33:02,527 INFO [restartedMain] o.a.c.h.Http11NioProtocol [DirectJDKLog.java:173] Initializing ProtocolHandler ["http-nio-8888"]
2023-02-21 18:33:02,536 INFO [restartedMain] o.a.c.c.StandardService [DirectJDKLog.java:173] Starting service [Tomcat]
2023-02-21 18:33:02,537 INFO [restartedMain] o.a.c.c.StandardEngine [DirectJDKLog.java:173] Starting Servlet engine: [Apache Tomcat/9.0.19]
2023-02-21 18:33:02,662 INFO [restartedMain] o.a.c.c.C.[.[.[/community] [DirectJDKLog.java:173] Initializing Spring embedded WebApplicationContext
2023-02-21 18:33:02,662 INFO [restartedMain] o.s.w.c.ContextLoader [ServletWebServerApplicationContext.java:296] Root WebApplicationContext: initialization completed in 1841 ms
2023-02-21 18:33:03,197 INFO [restartedMain] o.s.s.c.ThreadPoolTaskExecutor [ExecutorConfigurationSupport.java:171] Initializing ExecutorService 'applicationTaskExecutor'
2023-02-21 18:33:03,309 INFO [restartedMain] o.s.b.a.w.s.WelcomePageHandlerMapping [WelcomePageHandlerMapping.java:61] Adding welcome page template: index
2023-02-21 18:33:03,452 INFO [restartedMain] o.s.b.d.a.OptionalLiveReloadServer [OptionalLiveReloadServer.java:57] LiveReload server is running on port 35729
2023-02-21 18:33:03,484 INFO [restartedMain] o.a.c.h.Http11NioProtocol [DirectJDKLog.java:173] Starting ProtocolHandler ["http-nio-8888"]
2023-02-21 18:33:03,510 INFO [restartedMain] o.s.b.w.e.t.TomcatWebServer [TomcatWebServer.java:204] Tomcat started on port(s): 8888 (http) with context path '/community'
2023-02-21 18:33:03,512 INFO [restartedMain] c.n.c.CommunityApplication [StartupInfoLogger.java:59] Started CommunityApplication in 3.301 seconds (JVM running for 3.843)
2023-02-21 18:33:17,116 INFO [http-nio-8888-exec-1] o.a.c.c.C.[.[.[/community] [DirectJDKLog.java:173] Initializing Spring DispatcherServlet 'dispatcherServlet'
2023-02-21 18:33:17,116 INFO [http-nio-8888-exec-1] o.s.w.s.DispatcherServlet [FrameworkServlet.java:524] Initializing Servlet 'dispatcherServlet'
2023-02-21 18:33:17,122 INFO [http-nio-8888-exec-1] o.s.w.s.DispatcherServlet [FrameworkServlet.java:546] Completed initialization in 6 ms
2023-02-21 18:33:17,212 INFO [http-nio-8888-exec-1] c.z.h.HikariDataSource [HikariDataSource.java:110] HikariPool-1 - Starting...
2023-02-21 18:33:17,380 INFO [http-nio-8888-exec-1] c.z.h.HikariDataSource [HikariDataSource.java:123] HikariPool-1 - Start completed.
2023-02-21 18:35:47,489 INFO [Thread-9] o.s.s.c.ThreadPoolTaskExecutor [ExecutorConfigurationSupport.java:208] Shutting down ExecutorService 'applicationTaskExecutor'
2023-02-21 18:35:47,489 INFO [Thread-9] c.z.h.HikariDataSource [HikariDataSource.java:350] HikariPool-1 - Shutdown initiated...
2023-02-21 18:35:47,496 INFO [Thread-9] c.z.h.HikariDataSource [HikariDataSource.java:352] HikariPool-1 - Shutdown completed.
2023-02-21 18:35:50,737 INFO [restartedMain] c.n.c.CommunityApplication [StartupInfoLogger.java:50] Starting CommunityApplication on 黄涛 with PID 8060 (D:\community\target\classes started by 73865 in D:\community)
2023-02-21 18:35:50,741 INFO [restartedMain] c.n.c.CommunityApplication [SpringApplication.java:675] No active profile set, falling back to default profiles: default
2023-02-21 18:35:50,813 INFO [restartedMain] o.s.b.d.e.DevToolsPropertyDefaultsPostProcessor [DeferredLog.java:227] Devtools property defaults active! Set 'spring.devtools.add-properties' to 'false' to disable
2023-02-21 18:35:50,813 INFO [restartedMain] o.s.b.d.e.DevToolsPropertyDefaultsPostProcessor [DeferredLog.java:227] For additional web related logging consider setting the 'logging.level.web' property to 'DEBUG'
2023-02-21 18:35:52,565 INFO [restartedMain] o.s.b.w.e.t.TomcatWebServer [TomcatWebServer.java:90] Tomcat initialized with port(s): 8888 (http)
2023-02-21 18:35:52,619 INFO [restartedMain] o.a.c.h.Http11NioProtocol [DirectJDKLog.java:173] Initializing ProtocolHandler ["http-nio-8888"]
2023-02-21 18:35:52,630 INFO [restartedMain] o.a.c.c.StandardService [DirectJDKLog.java:173] Starting service [Tomcat]
2023-02-21 18:35:52,631 INFO [restartedMain] o.a.c.c.StandardEngine [DirectJDKLog.java:173] Starting Servlet engine: [Apache Tomcat/9.0.19]
2023-02-21 18:35:52,770 INFO [restartedMain] o.a.c.c.C.[.[.[/community] [DirectJDKLog.java:173] Initializing Spring embedded WebApplicationContext
2023-02-21 18:35:52,771 INFO [restartedMain] o.s.w.c.ContextLoader [ServletWebServerApplicationContext.java:296] Root WebApplicationContext: initialization completed in 1957 ms
2023-02-21 18:35:53,321 INFO [restartedMain] o.s.s.c.ThreadPoolTaskExecutor [ExecutorConfigurationSupport.java:171] Initializing ExecutorService 'applicationTaskExecutor'
2023-02-21 18:35:53,457 INFO [restartedMain] o.s.b.a.w.s.WelcomePageHandlerMapping [WelcomePageHandlerMapping.java:61] Adding welcome page template: index
2023-02-21 18:35:53,606 INFO [restartedMain] o.s.b.d.a.OptionalLiveReloadServer [OptionalLiveReloadServer.java:57] LiveReload server is running on port 35729
2023-02-21 18:35:53,640 INFO [restartedMain] o.a.c.h.Http11NioProtocol [DirectJDKLog.java:173] Starting ProtocolHandler ["http-nio-8888"]
2023-02-21 18:35:53,668 INFO [restartedMain] o.s.b.w.e.t.TomcatWebServer [TomcatWebServer.java:204] Tomcat started on port(s): 8888 (http) with context path '/community'
2023-02-21 18:35:53,671 INFO [restartedMain] c.n.c.CommunityApplication [StartupInfoLogger.java:59] Started CommunityApplication in 3.476 seconds (JVM running for 4.084)
2023-02-21 18:36:16,089 INFO [http-nio-8888-exec-2] o.a.c.c.C.[.[.[/community] [DirectJDKLog.java:173] Initializing Spring DispatcherServlet 'dispatcherServlet'
2023-02-21 18:36:16,090 INFO [http-nio-8888-exec-2] o.s.w.s.DispatcherServlet [FrameworkServlet.java:524] Initializing Servlet 'dispatcherServlet'
2023-02-21 18:36:16,097 INFO [http-nio-8888-exec-2] o.s.w.s.DispatcherServlet [FrameworkServlet.java:546] Completed initialization in 7 ms
2023-02-21 18:36:24,159 INFO [http-nio-8888-exec-5] c.z.h.HikariDataSource [HikariDataSource.java:110] HikariPool-1 - Starting...
2023-02-21 18:36:24,347 INFO [http-nio-8888-exec-5] c.z.h.HikariDataSource [HikariDataSource.java:123] HikariPool-1 - Start completed.
2023-02-21 18:52:36,750 INFO [Thread-9] o.s.s.c.ThreadPoolTaskExecutor [ExecutorConfigurationSupport.java:208] Shutting down ExecutorService 'applicationTaskExecutor'
2023-02-21 18:52:36,751 INFO [Thread-9] c.z.h.HikariDataSource [HikariDataSource.java:350] HikariPool-1 - Shutdown initiated...
2023-02-21 18:52:36,758 INFO [Thread-9] c.z.h.HikariDataSource [HikariDataSource.java:352] HikariPool-1 - Shutdown completed.
